<?xml version="1.0" encoding="UTF-8"?>
<testsuite xmlns:xsi="http://www.w3.org/2001/XMLSchema-instance" xsi:noNamespaceSchemaLocation="https://maven.apache.org/surefire/maven-surefire-plugin/xsd/surefire-test-report.xsd" name="pl.edu.pw.ee.LongestCommonSubsequenceTest" time="0.212" tests="38" errors="0" skipped="0" failures="0">
  <properties>
[...]
</properties>
  <testcase name="should_ThrowException_WhenBothStringsAreNull" classname="pl.edu.pw.ee.LongestCommonSubsequenceTest" time="0"/>
  <testcase name="should_ThrowException_WhenLeftStrIsNull" classname="pl.edu.pw.ee.LongestCommonSubsequenceTest" time="0"/>
  <testcase name="should_CorrrectlyFindLCS_WhenWordsHaveCarriageReturnCharacterInTheMiddle" classname="pl.edu.pw.ee.LongestCommonSubsequenceTest" time="0.007"/>
  <testcase name="should_CorrectlyFindLCS_test1" classname="pl.edu.pw.ee.LongestCommonSubsequenceTest" time="0"/>
  <testcase name="should_CorrectlyFindLCS_test2" classname="pl.edu.pw.ee.LongestCommonSubsequenceTest" time="0.001"/>
  <testcase name="should_CorrectlyFindLCS_test3" classname="pl.edu.pw.ee.LongestCommonSubsequenceTest" time="0"/>
  <testcase name="should_CorrectlyFindLCS_WhenStringsAreCompletlyDifferent" classname="pl.edu.pw.ee.LongestCommonSubsequenceTest" time="0"/>
  <testcase name="should_CorrrectlyFindLCS_WhenWordsHaveCarriageReturnCharacterAtTheEnd" classname="pl.edu.pw.ee.LongestCommonSubsequenceTest" time="0.001"/>
  <testcase name="should_CorrrectlyFindLCS_WhenWordsHaveNewLineCharacterAtTheEnd" classname="pl.edu.pw.ee.LongestCommonSubsequenceTest" time="0"/>
  <testcase name="should_CorrectlyFindLCS_WhenTwo_CharacterWords" classname="pl.edu.pw.ee.LongestCommonSubsequenceTest" time="0"/>
  <testcase name="should_ThrowException_WhenLeftStrIsEmpty" classname="pl.edu.pw.ee.LongestCommonSubsequenceTest" time="0"/>
  <testcase name="should_CorrectlyDisplay_WhenOneCharStrings" classname="pl.edu.pw.ee.LongestCommonSubsequenceTest" time="0.003"/>
  <testcase name="should_CorrectlyFindLCS_WhenLongStrings" classname="pl.edu.pw.ee.LongestCommonSubsequenceTest" time="0.004"/>
  <testcase name="should_CorrectlyFindLCS_WhenSameCharacterButDifferentSize" classname="pl.edu.pw.ee.LongestCommonSubsequenceTest" time="0.001"/>
  <testcase name="should_ThrowException_WhenTopStrIsEmpty" classname="pl.edu.pw.ee.LongestCommonSubsequenceTest" time="0"/>
  <testcase name="should_CorrectlyFindLCS_AfterDisplay" classname="pl.edu.pw.ee.LongestCommonSubsequenceTest" time="0.003"/>
  <testcase name="should_CorrectlyFindLCS_WhenSingle_CharacterWords" classname="pl.edu.pw.ee.LongestCommonSubsequenceTest" time="0.001"/>
  <testcase name="should_CorrrectlyFindLCS_WhenWordsHaveCarriageReturnCharacterAtTheBeginning" classname="pl.edu.pw.ee.LongestCommonSubsequenceTest" time="0"/>
  <testcase name="should_CorrrectlyFindLCS_WhenWordsHaveNewLineCharacterInTheMiddle" classname="pl.edu.pw.ee.LongestCommonSubsequenceTest" time="0"/>
  <testcase name="should_CorrrectlyFindLCS_WhenWordsHaveNewLineCharacterAtTheBeginning" classname="pl.edu.pw.ee.LongestCommonSubsequenceTest" time="0"/>
  <testcase name="should_CorrectlyDisplay_WhenLongStrings" classname="pl.edu.pw.ee.LongestCommonSubsequenceTest" time="0.168"/>
  <testcase name="should_CorrectlyFindLCS_WhenStringsHaveNonAsciiCharacters" classname="pl.edu.pw.ee.LongestCommonSubsequenceTest" time="0"/>
  <testcase name="should_CorrectlyFindLCS_WhenMultipleCorrectLCSExists" classname="pl.edu.pw.ee.LongestCommonSubsequenceTest" time="0.001"/>
  <testcase name="should_CorrectlyDisplay_WhenSpecialCharacters" classname="pl.edu.pw.ee.LongestCommonSubsequenceTest" time="0.001"/>
  <testcase name="should_CorrectlyFindLCS_WhenThree_CharacterWords" classname="pl.edu.pw.ee.LongestCommonSubsequenceTest" time="0"/>
  <testcase name="should_CorrrectlyFindLCS_WhenWordsHaveMultipleSpecialCharacters" classname="pl.edu.pw.ee.LongestCommonSubsequenceTest" time="0"/>
  <testcase name="should_CorrrectlyFindLCS_WhenWordsHaveMultipleNewLineCharacter" classname="pl.edu.pw.ee.LongestCommonSubsequenceTest" time="0"/>
  <testcase name="should_CorrectlyFindLCS_WhenOneStringIsInsideSecond" classname="pl.edu.pw.ee.LongestCommonSubsequenceTest" time="0"/>
  <testcase name="should_ThrowException_WhenBothStringsAreEmpty" classname="pl.edu.pw.ee.LongestCommonSubsequenceTest" time="0"/>
  <testcase name="should_CorrrectlyFindLCS_WhenWordsHaveMultipleCarriageReturnCharacter" classname="pl.edu.pw.ee.LongestCommonSubsequenceTest" time="0.001"/>
  <testcase name="should_CorrrectlyFindLCS_WhenWordsHaveTabCharacterAtTheBeginning" classname="pl.edu.pw.ee.LongestCommonSubsequenceTest" time="0"/>
  <testcase name="should_CorrrectlyFindLCS_WhenWordsHaveMultipleTabCharacter" classname="pl.edu.pw.ee.LongestCommonSubsequenceTest" time="0"/>
  <testcase name="should_CorrrectlyFindLCS_WhenWordsHaveTabCharacterAtTheEnd" classname="pl.edu.pw.ee.LongestCommonSubsequenceTest" time="0"/>
  <testcase name="should_CorrectlyDisplay" classname="pl.edu.pw.ee.LongestCommonSubsequenceTest" time="0.007"/>
  <testcase name="should_CorrectlyFindLCS_WhenStringsAreEqual" classname="pl.edu.pw.ee.LongestCommonSubsequenceTest" time="0.001"/>
  <testcase name="should_CorrrectlyFindLCS_WhenWordsHaveMultipleFormFeedCharacter" classname="pl.edu.pw.ee.LongestCommonSubsequenceTest" time="0.001"/>
  <testcase name="should_ThrowException_WhenTopStrIsNull" classname="pl.edu.pw.ee.LongestCommonSubsequenceTest" time="0"/>
  <testcase name="should_CorrrectlyFindLCS_WhenWordsHaveMultipleBackspaceCharacter" classname="pl.edu.pw.ee.LongestCommonSubsequenceTest" time="0"/>
</testsuite>